<?xml version="1.0" encoding="UTF-8"?>
<!-- Generated by org.testng.reporters.JUnitReportReporter -->
<testsuite hostname="tt56tt.local" name="basicTest" tests="1" failures="0" timestamp="23 Feb 2015 21:52:30 GMT" time="0.853" errors="0">
  <testcase name="checkMessage" time="0.853" classname="basicTest"/>
</testsuite>
